<?xml version="1.0" encoding="UTF-8"?>
<testsuites>
  <testsuite name="/home/nckrtl/projects/orbit-dev/packages/core/phpunit.xml.dist" tests="60" assertions="118" errors="0" failures="0" skipped="0" time="1.048056">
    <testsuite name="Hard Impact Test Suite" tests="60" assertions="118" errors="0" failures="0" skipped="0" time="1.048056">
      <testsuite name="Tests\Unit\Jobs\CreateProjectJobTest" file="tests/Unit/Jobs/CreateProjectJobTest.php" tests="10" assertions="20" errors="0" failures="0" skipped="0" time="0.159567">
        <testcase name="`CreateProjectJob` → `project type detection` → it detects laravel-app correctly" file="tests/Unit/Jobs/CreateProjectJobTest.php::`CreateProjectJob` → `project type detection` → it detects laravel-app correctly" class="Tests\Unit\Jobs\CreateProjectJobTest" classname="Tests.Unit.Jobs.CreateProjectJobTest" assertions="1" time="0.086042"/>
        <testcase name="`CreateProjectJob` → `tags` → it returns correct horizon tags" file="tests/Unit/Jobs/CreateProjectJobTest.php::`CreateProjectJob` → `tags` → it returns correct horizon tags" class="Tests\Unit\Jobs\CreateProjectJobTest" classname="Tests.Unit.Jobs.CreateProjectJobTest" assertions="1" time="0.008164"/>
        <testcase name="`CreateProjectJob` → `project type detection` → it detects laravel-package correctly" file="tests/Unit/Jobs/CreateProjectJobTest.php::`CreateProjectJob` → `project type detection` → it detects laravel-package correctly" class="Tests\Unit\Jobs\CreateProjectJobTest" classname="Tests.Unit.Jobs.CreateProjectJobTest" assertions="1" time="0.007564"/>
        <testcase name="`CreateProjectJob` → `constructor` → it generates slug from name option" file="tests/Unit/Jobs/CreateProjectJobTest.php::`CreateProjectJob` → `constructor` → it generates slug from name option" class="Tests\Unit\Jobs\CreateProjectJobTest" classname="Tests.Unit.Jobs.CreateProjectJobTest" assertions="1" time="0.008258"/>
        <testcase name="`CreateProjectJob` → `project type detection` → it detects cli app correctly" file="tests/Unit/Jobs/CreateProjectJobTest.php::`CreateProjectJob` → `project type detection` → it detects cli app correctly" class="Tests\Unit\Jobs\CreateProjectJobTest" classname="Tests.Unit.Jobs.CreateProjectJobTest" assertions="1" time="0.008323"/>
        <testcase name="`CreateProjectJob` → `job configuration` → it has 1 try (no retries)" file="tests/Unit/Jobs/CreateProjectJobTest.php::`CreateProjectJob` → `job configuration` → it has 1 try (no retries)" class="Tests\Unit\Jobs\CreateProjectJobTest" classname="Tests.Unit.Jobs.CreateProjectJobTest" assertions="1" time="0.008355"/>
        <testcase name="`CreateProjectJob` → `context building` → it builds context with correct options" file="tests/Unit/Jobs/CreateProjectJobTest.php::`CreateProjectJob` → `context building` → it builds context with correct options" class="Tests\Unit\Jobs\CreateProjectJobTest" classname="Tests.Unit.Jobs.CreateProjectJobTest" assertions="10" time="0.008116"/>
        <testcase name="`CreateProjectJob` → `job configuration` → it has 600 second timeout" file="tests/Unit/Jobs/CreateProjectJobTest.php::`CreateProjectJob` → `job configuration` → it has 600 second timeout" class="Tests\Unit\Jobs\CreateProjectJobTest" classname="Tests.Unit.Jobs.CreateProjectJobTest" assertions="1" time="0.007992"/>
        <testcase name="`CreateProjectJob` → `context building` → it handles clone URL correctly" file="tests/Unit/Jobs/CreateProjectJobTest.php::`CreateProjectJob` → `context building` → it handles clone URL correctly" class="Tests\Unit\Jobs\CreateProjectJobTest" classname="Tests.Unit.Jobs.CreateProjectJobTest" assertions="2" time="0.008342"/>
        <testcase name="`CreateProjectJob` → `context building` → it uses environment TLD" file="tests/Unit/Jobs/CreateProjectJobTest.php::`CreateProjectJob` → `context building` → it uses environment TLD" class="Tests\Unit\Jobs\CreateProjectJobTest" classname="Tests.Unit.Jobs.CreateProjectJobTest" assertions="1" time="0.008412"/>
      </testsuite>
      <testsuite name="Tests\ArchTest" file="tests/ArchTest.php" tests="1" assertions="3" errors="0" failures="0" skipped="0" time="0.353714">
        <testcase name="it will not use debugging functions" file="tests/ArchTest.php::it will not use debugging functions" class="Tests\ArchTest" classname="Tests.ArchTest" assertions="3" time="0.353714"/>
      </testsuite>
      <testsuite name="Tests\Unit\Jobs\DeleteProjectJobTest" file="tests/Unit/Jobs/DeleteProjectJobTest.php" tests="6" assertions="7" errors="0" failures="0" skipped="0" time="0.050481">
        <testcase name="`DeleteProjectJob` → `constructor` → it can set keepDatabase to true" file="tests/Unit/Jobs/DeleteProjectJobTest.php::`DeleteProjectJob` → `constructor` → it can set keepDatabase to true" class="Tests\Unit\Jobs\DeleteProjectJobTest" classname="Tests.Unit.Jobs.DeleteProjectJobTest" assertions="1" time="0.012780"/>
        <testcase name="`DeleteProjectJob` → `constructor` → it accepts projectId and keepDatabase" file="tests/Unit/Jobs/DeleteProjectJobTest.php::`DeleteProjectJob` → `constructor` → it accepts projectId and keepDatabase" class="Tests\Unit\Jobs\DeleteProjectJobTest" classname="Tests.Unit.Jobs.DeleteProjectJobTest" assertions="2" time="0.008012"/>
        <testcase name="`DeleteProjectJob` → `job configuration` → it has 120 second timeout" file="tests/Unit/Jobs/DeleteProjectJobTest.php::`DeleteProjectJob` → `job configuration` → it has 120 second timeout" class="Tests\Unit\Jobs\DeleteProjectJobTest" classname="Tests.Unit.Jobs.DeleteProjectJobTest" assertions="1" time="0.007618"/>
        <testcase name="`DeleteProjectJob` → `constructor` → it defaults keepDatabase to false" file="tests/Unit/Jobs/DeleteProjectJobTest.php::`DeleteProjectJob` → `constructor` → it defaults keepDatabase to false" class="Tests\Unit\Jobs\DeleteProjectJobTest" classname="Tests.Unit.Jobs.DeleteProjectJobTest" assertions="1" time="0.007489"/>
        <testcase name="`DeleteProjectJob` → `job configuration` → it has 1 try (no retries)" file="tests/Unit/Jobs/DeleteProjectJobTest.php::`DeleteProjectJob` → `job configuration` → it has 1 try (no retries)" class="Tests\Unit\Jobs\DeleteProjectJobTest" classname="Tests.Unit.Jobs.DeleteProjectJobTest" assertions="1" time="0.007287"/>
        <testcase name="`DeleteProjectJob` → `tags` → it returns correct horizon tags" file="tests/Unit/Jobs/DeleteProjectJobTest.php::`DeleteProjectJob` → `tags` → it returns correct horizon tags" class="Tests\Unit\Jobs\DeleteProjectJobTest" classname="Tests.Unit.Jobs.DeleteProjectJobTest" assertions="1" time="0.007295"/>
      </testsuite>
      <testsuite name="Tests\ExampleTest" file="tests/ExampleTest.php" tests="1" assertions="1" errors="0" failures="0" skipped="0" time="0.033001">
        <testcase name="it can test" file="tests/ExampleTest.php::it can test" class="Tests\ExampleTest" classname="Tests.ExampleTest" assertions="1" time="0.033001"/>
      </testsuite>
      <testsuite name="Tests\Unit\Services\Deletion\DeletionPipelineTest" file="tests/Unit/Services/Deletion/DeletionPipelineTest.php" tests="14" assertions="32" errors="0" failures="0" skipped="0" time="0.163648">
        <testcase name="`DeleteProjectFiles` → it succeeds when no project path specified" file="tests/Unit/Services/Deletion/DeletionPipelineTest.php::`DeleteProjectFiles` → it succeeds when no project path specified" class="Tests\Unit\Services\Deletion\DeletionPipelineTest" classname="Tests.Unit.Services.Deletion.DeletionPipelineTest" assertions="2" time="0.015467"/>
        <testcase name="`DropPostgresDatabase` → it skips when no database name" file="tests/Unit/Services/Deletion/DeletionPipelineTest.php::`DropPostgresDatabase` → it skips when no database name" class="Tests\Unit\Services\Deletion\DeletionPipelineTest" classname="Tests.Unit.Services.Deletion.DeletionPipelineTest" assertions="2" time="0.007972"/>
        <testcase name="`DropPostgresDatabase` → it skips when no database connection configured" file="tests/Unit/Services/Deletion/DeletionPipelineTest.php::`DropPostgresDatabase` → it skips when no database connection configured" class="Tests\Unit\Services\Deletion\DeletionPipelineTest" classname="Tests.Unit.Services.Deletion.DeletionPipelineTest" assertions="2" time="0.007773"/>
        <testcase name="`DeletionContext` → it respects keepDatabase flag" file="tests/Unit/Services/Deletion/DeletionPipelineTest.php::`DeletionContext` → it respects keepDatabase flag" class="Tests\Unit\Services\Deletion\DeletionPipelineTest" classname="Tests.Unit.Services.Deletion.DeletionPipelineTest" assertions="1" time="0.007782"/>
        <testcase name="`DeletionPipeline` → it runs all steps in sequence" file="tests/Unit/Services/Deletion/DeletionPipelineTest.php::`DeletionPipeline` → it runs all steps in sequence" class="Tests\Unit\Services\Deletion\DeletionPipelineTest" classname="Tests.Unit.Services.Deletion.DeletionPipelineTest" assertions="2" time="0.022706"/>
        <testcase name="`DropPostgresDatabase` → it skips when not using postgres" file="tests/Unit/Services/Deletion/DeletionPipelineTest.php::`DropPostgresDatabase` → it skips when not using postgres" class="Tests\Unit\Services\Deletion\DeletionPipelineTest" classname="Tests.Unit.Services.Deletion.DeletionPipelineTest" assertions="2" time="0.009525"/>
        <testcase name="`DeleteProjectFiles` → it deletes project directory successfully" file="tests/Unit/Services/Deletion/DeletionPipelineTest.php::`DeleteProjectFiles` → it deletes project directory successfully" class="Tests\Unit\Services\Deletion\DeletionPipelineTest" classname="Tests.Unit.Services.Deletion.DeletionPipelineTest" assertions="2" time="0.011845"/>
        <testcase name="`DeletionContext` → it loads database config from env file" file="tests/Unit/Services/Deletion/DeletionPipelineTest.php::`DeletionContext` → it loads database config from env file" class="Tests\Unit\Services\Deletion\DeletionPipelineTest" classname="Tests.Unit.Services.Deletion.DeletionPipelineTest" assertions="2" time="0.008022"/>
        <testcase name="`DeletionLogger` → it implements ProvisionLoggerContract" file="tests/Unit/Services/Deletion/DeletionPipelineTest.php::`DeletionLogger` → it implements ProvisionLoggerContract" class="Tests\Unit\Services\Deletion\DeletionPipelineTest" classname="Tests.Unit.Services.Deletion.DeletionPipelineTest" assertions="3" time="0.007754"/>
        <testcase name="`DeletionContext` → it creates context from project model" file="tests/Unit/Services/Deletion/DeletionPipelineTest.php::`DeletionContext` → it creates context from project model" class="Tests\Unit\Services\Deletion\DeletionPipelineTest" classname="Tests.Unit.Services.Deletion.DeletionPipelineTest" assertions="6" time="0.007800"/>
        <testcase name="`DeletionContext` → it detects postgres connections correctly" file="tests/Unit/Services/Deletion/DeletionPipelineTest.php::`DeletionContext` → it detects postgres connections correctly" class="Tests\Unit\Services\Deletion\DeletionPipelineTest" classname="Tests.Unit.Services.Deletion.DeletionPipelineTest" assertions="4" time="0.007624"/>
        <testcase name="`DeletionContext` → it uses slug as database name when not in env" file="tests/Unit/Services/Deletion/DeletionPipelineTest.php::`DeletionContext` → it uses slug as database name when not in env" class="Tests\Unit\Services\Deletion\DeletionPipelineTest" classname="Tests.Unit.Services.Deletion.DeletionPipelineTest" assertions="1" time="0.009119"/>
        <testcase name="`DeletionPipeline` → it skips database deletion when keepDatabase is true" file="tests/Unit/Services/Deletion/DeletionPipelineTest.php::`DeletionPipeline` → it skips database deletion when keepDatabase is true" class="Tests\Unit\Services\Deletion\DeletionPipelineTest" classname="Tests.Unit.Services.Deletion.DeletionPipelineTest" assertions="1" time="0.018031"/>
        <testcase name="`DeleteProjectFiles` → it succeeds when directory does not exist" file="tests/Unit/Services/Deletion/DeletionPipelineTest.php::`DeleteProjectFiles` → it succeeds when directory does not exist" class="Tests\Unit\Services\Deletion\DeletionPipelineTest" classname="Tests.Unit.Services.Deletion.DeletionPipelineTest" assertions="2" time="0.022228"/>
      </testsuite>
      <testsuite name="Tests\Unit\Services\CommandServiceTest" file="tests/Unit/Services/CommandServiceTest.php" tests="28" assertions="55" errors="0" failures="0" skipped="0" time="0.287645">
        <testcase name="`CommandService` → `isLocalCliInstalled` → it returns true when CLI path is configured and exists" file="tests/Unit/Services/CommandServiceTest.php::`CommandService` → `isLocalCliInstalled` → it returns true when CLI path is configured and exists" class="Tests\Unit\Services\CommandServiceTest" classname="Tests.Unit.Services.CommandServiceTest" assertions="1" time="0.085515"/>
        <testcase name="`CommandService` → `executeLocalCommand` → it returns error when CLI path does not exist" file="tests/Unit/Services/CommandServiceTest.php::`CommandService` → `executeLocalCommand` → it returns error when CLI path does not exist" class="Tests\Unit\Services\CommandServiceTest" classname="Tests.Unit.Services.CommandServiceTest" assertions="3" time="0.008308"/>
        <testcase name="`CommandService` → `executeLocalCommand` → it returns error on invalid JSON output" file="tests/Unit/Services/CommandServiceTest.php::`CommandService` → `executeLocalCommand` → it returns error on invalid JSON output" class="Tests\Unit\Services\CommandServiceTest" classname="Tests.Unit.Services.CommandServiceTest" assertions="2" time="0.007274"/>
        <testcase name="`CommandService` → `executeLocalCommand` → it passes timeout to process" file="tests/Unit/Services/CommandServiceTest.php::`CommandService` → `executeLocalCommand` → it passes timeout to process" class="Tests\Unit\Services\CommandServiceTest" classname="Tests.Unit.Services.CommandServiceTest" assertions="1" time="0.007317"/>
        <testcase name="`CommandService` → `executeCommand` → it routes to executeRemoteCommand for remote environments" file="tests/Unit/Services/CommandServiceTest.php::`CommandService` → `executeCommand` → it routes to executeRemoteCommand for remote environments" class="Tests\Unit\Services\CommandServiceTest" classname="Tests.Unit.Services.CommandServiceTest" assertions="2" time="0.008811"/>
        <testcase name="`CommandService` → `executeRawCommand` → `local environment` → it returns output on success" file="tests/Unit/Services/CommandServiceTest.php::`CommandService` → `executeRawCommand` → `local environment` → it returns output on success" class="Tests\Unit\Services\CommandServiceTest" classname="Tests.Unit.Services.CommandServiceTest" assertions="3" time="0.008043"/>
        <testcase name="`CommandService` → `executeRemoteCommand` → it uses configured cli_path when available" file="tests/Unit/Services/CommandServiceTest.php::`CommandService` → `executeRemoteCommand` → it uses configured cli_path when available" class="Tests\Unit\Services\CommandServiceTest" classname="Tests.Unit.Services.CommandServiceTest" assertions="1" time="0.007488"/>
        <testcase name="`CommandService` → `executeRawCommand` → `remote environment` → it returns error when CLI is not found on remote" file="tests/Unit/Services/CommandServiceTest.php::`CommandService` → `executeRawCommand` → `remote environment` → it returns error when CLI is not found on remote" class="Tests\Unit\Services\CommandServiceTest" classname="Tests.Unit.Services.CommandServiceTest" assertions="3" time="0.007337"/>
        <testcase name="`CommandService` → `executeRemoteCommand` → it uses default path when cli_path is not configured" file="tests/Unit/Services/CommandServiceTest.php::`CommandService` → `executeRemoteCommand` → it uses default path when cli_path is not configured" class="Tests\Unit\Services\CommandServiceTest" classname="Tests.Unit.Services.CommandServiceTest" assertions="1" time="0.007164"/>
        <testcase name="`CommandService` → `executeRawCommand` → `local environment` → it returns error on failure" file="tests/Unit/Services/CommandServiceTest.php::`CommandService` → `executeRawCommand` → `local environment` → it returns error on failure" class="Tests\Unit\Services\CommandServiceTest" classname="Tests.Unit.Services.CommandServiceTest" assertions="2" time="0.007456"/>
        <testcase name="`CommandService` → `getLocalCliPath` → it returns configured CLI path" file="tests/Unit/Services/CommandServiceTest.php::`CommandService` → `getLocalCliPath` → it returns configured CLI path" class="Tests\Unit\Services\CommandServiceTest" classname="Tests.Unit.Services.CommandServiceTest" assertions="1" time="0.006951"/>
        <testcase name="`CommandService` → `executeLocalCommand` → it returns error when command fails" file="tests/Unit/Services/CommandServiceTest.php::`CommandService` → `executeLocalCommand` → it returns error when command fails" class="Tests\Unit\Services\CommandServiceTest" classname="Tests.Unit.Services.CommandServiceTest" assertions="3" time="0.007389"/>
        <testcase name="`CommandService` → `executeLocalCommand` → it returns error when CLI path is not configured" file="tests/Unit/Services/CommandServiceTest.php::`CommandService` → `executeLocalCommand` → it returns error when CLI path is not configured" class="Tests\Unit\Services\CommandServiceTest" classname="Tests.Unit.Services.CommandServiceTest" assertions="3" time="0.007027"/>
        <testcase name="`CommandService` → `executeRawCommand` → `remote environment` → it executes command via SSH when CLI is found" file="tests/Unit/Services/CommandServiceTest.php::`CommandService` → `executeRawCommand` → `remote environment` → it executes command via SSH when CLI is found" class="Tests\Unit\Services\CommandServiceTest" classname="Tests.Unit.Services.CommandServiceTest" assertions="4" time="0.007385"/>
        <testcase name="`CommandService` → `isLocalCliInstalled` → it returns false when CLI path is not configured" file="tests/Unit/Services/CommandServiceTest.php::`CommandService` → `isLocalCliInstalled` → it returns false when CLI path is not configured" class="Tests\Unit\Services\CommandServiceTest" classname="Tests.Unit.Services.CommandServiceTest" assertions="1" time="0.006834"/>
        <testcase name="`CommandService` → `executeRawCommand` → `local environment` → it returns error when CLI is not installed" file="tests/Unit/Services/CommandServiceTest.php::`CommandService` → `executeRawCommand` → `local environment` → it returns error when CLI is not installed" class="Tests\Unit\Services\CommandServiceTest" classname="Tests.Unit.Services.CommandServiceTest" assertions="2" time="0.007351"/>
        <testcase name="`CommandService` → `getLocalCliPath` → it returns null when not configured" file="tests/Unit/Services/CommandServiceTest.php::`CommandService` → `getLocalCliPath` → it returns null when not configured" class="Tests\Unit\Services\CommandServiceTest" classname="Tests.Unit.Services.CommandServiceTest" assertions="1" time="0.007176"/>
        <testcase name="`CommandService` → `executeCommand` → it routes to executeLocalCommand for local environments" file="tests/Unit/Services/CommandServiceTest.php::`CommandService` → `executeCommand` → it routes to executeLocalCommand for local environments" class="Tests\Unit\Services\CommandServiceTest" classname="Tests.Unit.Services.CommandServiceTest" assertions="1" time="0.007697"/>
        <testcase name="`CommandService` → `executeLocalCommand` → it handles exceptions gracefully" file="tests/Unit/Services/CommandServiceTest.php::`CommandService` → `executeLocalCommand` → it handles exceptions gracefully" class="Tests\Unit\Services\CommandServiceTest" classname="Tests.Unit.Services.CommandServiceTest" assertions="3" time="0.007679"/>
        <testcase name="`CommandService` → `executeLocalCommand` → it returns stdout as error when stderr is empty" file="tests/Unit/Services/CommandServiceTest.php::`CommandService` → `executeLocalCommand` → it returns stdout as error when stderr is empty" class="Tests\Unit\Services\CommandServiceTest" classname="Tests.Unit.Services.CommandServiceTest" assertions="2" time="0.007414"/>
        <testcase name="`CommandService` → `executeLocalCommand` → it returns decoded JSON on success" file="tests/Unit/Services/CommandServiceTest.php::`CommandService` → `executeLocalCommand` → it returns decoded JSON on success" class="Tests\Unit\Services\CommandServiceTest" classname="Tests.Unit.Services.CommandServiceTest" assertions="1" time="0.007513"/>
        <testcase name="`CommandService` → `executeRemoteCommand` → it returns error on SSH failure" file="tests/Unit/Services/CommandServiceTest.php::`CommandService` → `executeRemoteCommand` → it returns error on SSH failure" class="Tests\Unit\Services\CommandServiceTest" classname="Tests.Unit.Services.CommandServiceTest" assertions="4" time="0.007643"/>
        <testcase name="`CommandService` → `executeRemoteCommand` → it returns data from successful SSH execution" file="tests/Unit/Services/CommandServiceTest.php::`CommandService` → `executeRemoteCommand` → it returns data from successful SSH execution" class="Tests\Unit\Services\CommandServiceTest" classname="Tests.Unit.Services.CommandServiceTest" assertions="2" time="0.007591"/>
        <testcase name="`CommandService` → `findBinary` → it returns null when binary is not found" file="tests/Unit/Services/CommandServiceTest.php::`CommandService` → `findBinary` → it returns null when binary is not found" class="Tests\Unit\Services\CommandServiceTest" classname="Tests.Unit.Services.CommandServiceTest" assertions="2" time="0.007407"/>
        <testcase name="`CommandService` → `isLocalCliInstalled` → it returns false when CLI path does not exist" file="tests/Unit/Services/CommandServiceTest.php::`CommandService` → `isLocalCliInstalled` → it returns false when CLI path does not exist" class="Tests\Unit\Services\CommandServiceTest" classname="Tests.Unit.Services.CommandServiceTest" assertions="1" time="0.007090"/>
        <testcase name="`CommandService` → `executeLocalCommand` → it builds correct command with configured cli_path" file="tests/Unit/Services/CommandServiceTest.php::`CommandService` → `executeLocalCommand` → it builds correct command with configured cli_path" class="Tests\Unit\Services\CommandServiceTest" classname="Tests.Unit.Services.CommandServiceTest" assertions="1" time="0.007290"/>
        <testcase name="`CommandService` → `findBinary` → it returns path when binary is found" file="tests/Unit/Services/CommandServiceTest.php::`CommandService` → `findBinary` → it returns path when binary is found" class="Tests\Unit\Services\CommandServiceTest" classname="Tests.Unit.Services.CommandServiceTest" assertions="2" time="0.007909"/>
        <testcase name="`CommandService` → `findBinary` → it trims whitespace from path" file="tests/Unit/Services/CommandServiceTest.php::`CommandService` → `findBinary` → it trims whitespace from path" class="Tests\Unit\Services\CommandServiceTest" classname="Tests.Unit.Services.CommandServiceTest" assertions="2" time="0.007585"/>
      </testsuite>
    </testsuite>
  </testsuite>
</testsuites>
