<?xml version="1.0" encoding="UTF-8"?>
<testsuites>
  <testsuite name="/home/nckrtl/projects/orbit-dev/packages/core/phpunit.xml.dist" tests="60" assertions="118" errors="0" failures="0" skipped="0" time="1.082955">
    <testsuite name="Hard Impact Test Suite" tests="60" assertions="118" errors="0" failures="0" skipped="0" time="1.082955">
      <testsuite name="Tests\Unit\Jobs\DeleteProjectJobTest" file="tests/Unit/Jobs/DeleteProjectJobTest.php" tests="6" assertions="7" errors="0" failures="0" skipped="0" time="0.125332">
        <testcase name="`DeleteProjectJob` → `constructor` → it defaults keepDatabase to false" file="tests/Unit/Jobs/DeleteProjectJobTest.php::`DeleteProjectJob` → `constructor` → it defaults keepDatabase to false" class="Tests\Unit\Jobs\DeleteProjectJobTest" classname="Tests.Unit.Jobs.DeleteProjectJobTest" assertions="1" time="0.085952"/>
        <testcase name="`DeleteProjectJob` → `constructor` → it accepts projectId and keepDatabase" file="tests/Unit/Jobs/DeleteProjectJobTest.php::`DeleteProjectJob` → `constructor` → it accepts projectId and keepDatabase" class="Tests\Unit\Jobs\DeleteProjectJobTest" classname="Tests.Unit.Jobs.DeleteProjectJobTest" assertions="2" time="0.008599"/>
        <testcase name="`DeleteProjectJob` → `constructor` → it can set keepDatabase to true" file="tests/Unit/Jobs/DeleteProjectJobTest.php::`DeleteProjectJob` → `constructor` → it can set keepDatabase to true" class="Tests\Unit\Jobs\DeleteProjectJobTest" classname="Tests.Unit.Jobs.DeleteProjectJobTest" assertions="1" time="0.007522"/>
        <testcase name="`DeleteProjectJob` → `job configuration` → it has 120 second timeout" file="tests/Unit/Jobs/DeleteProjectJobTest.php::`DeleteProjectJob` → `job configuration` → it has 120 second timeout" class="Tests\Unit\Jobs\DeleteProjectJobTest" classname="Tests.Unit.Jobs.DeleteProjectJobTest" assertions="1" time="0.007555"/>
        <testcase name="`DeleteProjectJob` → `tags` → it returns correct horizon tags" file="tests/Unit/Jobs/DeleteProjectJobTest.php::`DeleteProjectJob` → `tags` → it returns correct horizon tags" class="Tests\Unit\Jobs\DeleteProjectJobTest" classname="Tests.Unit.Jobs.DeleteProjectJobTest" assertions="1" time="0.008060"/>
        <testcase name="`DeleteProjectJob` → `job configuration` → it has 1 try (no retries)" file="tests/Unit/Jobs/DeleteProjectJobTest.php::`DeleteProjectJob` → `job configuration` → it has 1 try (no retries)" class="Tests\Unit\Jobs\DeleteProjectJobTest" classname="Tests.Unit.Jobs.DeleteProjectJobTest" assertions="1" time="0.007645"/>
      </testsuite>
      <testsuite name="Tests\Unit\Jobs\CreateProjectJobTest" file="tests/Unit/Jobs/CreateProjectJobTest.php" tests="10" assertions="20" errors="0" failures="0" skipped="0" time="0.108409">
        <testcase name="`CreateProjectJob` → `tags` → it returns correct horizon tags" file="tests/Unit/Jobs/CreateProjectJobTest.php::`CreateProjectJob` → `tags` → it returns correct horizon tags" class="Tests\Unit\Jobs\CreateProjectJobTest" classname="Tests.Unit.Jobs.CreateProjectJobTest" assertions="1" time="0.038002"/>
        <testcase name="`CreateProjectJob` → `constructor` → it generates slug from name option" file="tests/Unit/Jobs/CreateProjectJobTest.php::`CreateProjectJob` → `constructor` → it generates slug from name option" class="Tests\Unit\Jobs\CreateProjectJobTest" classname="Tests.Unit.Jobs.CreateProjectJobTest" assertions="1" time="0.007688"/>
        <testcase name="`CreateProjectJob` → `project type detection` → it detects cli app correctly" file="tests/Unit/Jobs/CreateProjectJobTest.php::`CreateProjectJob` → `project type detection` → it detects cli app correctly" class="Tests\Unit\Jobs\CreateProjectJobTest" classname="Tests.Unit.Jobs.CreateProjectJobTest" assertions="1" time="0.008055"/>
        <testcase name="`CreateProjectJob` → `context building` → it handles clone URL correctly" file="tests/Unit/Jobs/CreateProjectJobTest.php::`CreateProjectJob` → `context building` → it handles clone URL correctly" class="Tests\Unit\Jobs\CreateProjectJobTest" classname="Tests.Unit.Jobs.CreateProjectJobTest" assertions="2" time="0.007870"/>
        <testcase name="`CreateProjectJob` → `project type detection` → it detects laravel-app correctly" file="tests/Unit/Jobs/CreateProjectJobTest.php::`CreateProjectJob` → `project type detection` → it detects laravel-app correctly" class="Tests\Unit\Jobs\CreateProjectJobTest" classname="Tests.Unit.Jobs.CreateProjectJobTest" assertions="1" time="0.007695"/>
        <testcase name="`CreateProjectJob` → `project type detection` → it detects laravel-package correctly" file="tests/Unit/Jobs/CreateProjectJobTest.php::`CreateProjectJob` → `project type detection` → it detects laravel-package correctly" class="Tests\Unit\Jobs\CreateProjectJobTest" classname="Tests.Unit.Jobs.CreateProjectJobTest" assertions="1" time="0.007758"/>
        <testcase name="`CreateProjectJob` → `context building` → it builds context with correct options" file="tests/Unit/Jobs/CreateProjectJobTest.php::`CreateProjectJob` → `context building` → it builds context with correct options" class="Tests\Unit\Jobs\CreateProjectJobTest" classname="Tests.Unit.Jobs.CreateProjectJobTest" assertions="10" time="0.008346"/>
        <testcase name="`CreateProjectJob` → `context building` → it uses environment TLD" file="tests/Unit/Jobs/CreateProjectJobTest.php::`CreateProjectJob` → `context building` → it uses environment TLD" class="Tests\Unit\Jobs\CreateProjectJobTest" classname="Tests.Unit.Jobs.CreateProjectJobTest" assertions="1" time="0.007811"/>
        <testcase name="`CreateProjectJob` → `job configuration` → it has 600 second timeout" file="tests/Unit/Jobs/CreateProjectJobTest.php::`CreateProjectJob` → `job configuration` → it has 600 second timeout" class="Tests\Unit\Jobs\CreateProjectJobTest" classname="Tests.Unit.Jobs.CreateProjectJobTest" assertions="1" time="0.007583"/>
        <testcase name="`CreateProjectJob` → `job configuration` → it has 1 try (no retries)" file="tests/Unit/Jobs/CreateProjectJobTest.php::`CreateProjectJob` → `job configuration` → it has 1 try (no retries)" class="Tests\Unit\Jobs\CreateProjectJobTest" classname="Tests.Unit.Jobs.CreateProjectJobTest" assertions="1" time="0.007600"/>
      </testsuite>
      <testsuite name="Tests\ArchTest" file="tests/ArchTest.php" tests="1" assertions="3" errors="0" failures="0" skipped="0" time="0.320001">
        <testcase name="it will not use debugging functions" file="tests/ArchTest.php::it will not use debugging functions" class="Tests\ArchTest" classname="Tests.ArchTest" assertions="3" time="0.320001"/>
      </testsuite>
      <testsuite name="Tests\Unit\Services\CommandServiceTest" file="tests/Unit/Services/CommandServiceTest.php" tests="28" assertions="55" errors="0" failures="0" skipped="0" time="0.240732">
        <testcase name="`CommandService` → `isLocalCliInstalled` → it returns false when CLI path does not exist" file="tests/Unit/Services/CommandServiceTest.php::`CommandService` → `isLocalCliInstalled` → it returns false when CLI path does not exist" class="Tests\Unit\Services\CommandServiceTest" classname="Tests.Unit.Services.CommandServiceTest" assertions="1" time="0.015515"/>
        <testcase name="`CommandService` → `executeRawCommand` → `remote environment` → it executes command via SSH when CLI is found" file="tests/Unit/Services/CommandServiceTest.php::`CommandService` → `executeRawCommand` → `remote environment` → it executes command via SSH when CLI is found" class="Tests\Unit\Services\CommandServiceTest" classname="Tests.Unit.Services.CommandServiceTest" assertions="4" time="0.012307"/>
        <testcase name="`CommandService` → `executeLocalCommand` → it returns decoded JSON on success" file="tests/Unit/Services/CommandServiceTest.php::`CommandService` → `executeLocalCommand` → it returns decoded JSON on success" class="Tests\Unit\Services\CommandServiceTest" classname="Tests.Unit.Services.CommandServiceTest" assertions="1" time="0.017962"/>
        <testcase name="`CommandService` → `executeRawCommand` → `remote environment` → it returns error when CLI is not found on remote" file="tests/Unit/Services/CommandServiceTest.php::`CommandService` → `executeRawCommand` → `remote environment` → it returns error when CLI is not found on remote" class="Tests\Unit\Services\CommandServiceTest" classname="Tests.Unit.Services.CommandServiceTest" assertions="3" time="0.011081"/>
        <testcase name="`CommandService` → `findBinary` → it returns path when binary is found" file="tests/Unit/Services/CommandServiceTest.php::`CommandService` → `findBinary` → it returns path when binary is found" class="Tests\Unit\Services\CommandServiceTest" classname="Tests.Unit.Services.CommandServiceTest" assertions="2" time="0.011136"/>
        <testcase name="`CommandService` → `executeRawCommand` → `local environment` → it returns error on failure" file="tests/Unit/Services/CommandServiceTest.php::`CommandService` → `executeRawCommand` → `local environment` → it returns error on failure" class="Tests\Unit\Services\CommandServiceTest" classname="Tests.Unit.Services.CommandServiceTest" assertions="2" time="0.008268"/>
        <testcase name="`CommandService` → `executeLocalCommand` → it handles exceptions gracefully" file="tests/Unit/Services/CommandServiceTest.php::`CommandService` → `executeLocalCommand` → it handles exceptions gracefully" class="Tests\Unit\Services\CommandServiceTest" classname="Tests.Unit.Services.CommandServiceTest" assertions="3" time="0.007964"/>
        <testcase name="`CommandService` → `executeRemoteCommand` → it returns data from successful SSH execution" file="tests/Unit/Services/CommandServiceTest.php::`CommandService` → `executeRemoteCommand` → it returns data from successful SSH execution" class="Tests\Unit\Services\CommandServiceTest" classname="Tests.Unit.Services.CommandServiceTest" assertions="2" time="0.007676"/>
        <testcase name="`CommandService` → `executeLocalCommand` → it returns error on invalid JSON output" file="tests/Unit/Services/CommandServiceTest.php::`CommandService` → `executeLocalCommand` → it returns error on invalid JSON output" class="Tests\Unit\Services\CommandServiceTest" classname="Tests.Unit.Services.CommandServiceTest" assertions="2" time="0.007201"/>
        <testcase name="`CommandService` → `getLocalCliPath` → it returns null when not configured" file="tests/Unit/Services/CommandServiceTest.php::`CommandService` → `getLocalCliPath` → it returns null when not configured" class="Tests\Unit\Services\CommandServiceTest" classname="Tests.Unit.Services.CommandServiceTest" assertions="1" time="0.007140"/>
        <testcase name="`CommandService` → `getLocalCliPath` → it returns configured CLI path" file="tests/Unit/Services/CommandServiceTest.php::`CommandService` → `getLocalCliPath` → it returns configured CLI path" class="Tests\Unit\Services\CommandServiceTest" classname="Tests.Unit.Services.CommandServiceTest" assertions="1" time="0.007006"/>
        <testcase name="`CommandService` → `executeLocalCommand` → it returns error when CLI path is not configured" file="tests/Unit/Services/CommandServiceTest.php::`CommandService` → `executeLocalCommand` → it returns error when CLI path is not configured" class="Tests\Unit\Services\CommandServiceTest" classname="Tests.Unit.Services.CommandServiceTest" assertions="3" time="0.006897"/>
        <testcase name="`CommandService` → `isLocalCliInstalled` → it returns true when CLI path is configured and exists" file="tests/Unit/Services/CommandServiceTest.php::`CommandService` → `isLocalCliInstalled` → it returns true when CLI path is configured and exists" class="Tests\Unit\Services\CommandServiceTest" classname="Tests.Unit.Services.CommandServiceTest" assertions="1" time="0.006968"/>
        <testcase name="`CommandService` → `executeCommand` → it routes to executeLocalCommand for local environments" file="tests/Unit/Services/CommandServiceTest.php::`CommandService` → `executeCommand` → it routes to executeLocalCommand for local environments" class="Tests\Unit\Services\CommandServiceTest" classname="Tests.Unit.Services.CommandServiceTest" assertions="1" time="0.007979"/>
        <testcase name="`CommandService` → `executeRawCommand` → `local environment` → it returns output on success" file="tests/Unit/Services/CommandServiceTest.php::`CommandService` → `executeRawCommand` → `local environment` → it returns output on success" class="Tests\Unit\Services\CommandServiceTest" classname="Tests.Unit.Services.CommandServiceTest" assertions="3" time="0.008452"/>
        <testcase name="`CommandService` → `executeCommand` → it routes to executeRemoteCommand for remote environments" file="tests/Unit/Services/CommandServiceTest.php::`CommandService` → `executeCommand` → it routes to executeRemoteCommand for remote environments" class="Tests\Unit\Services\CommandServiceTest" classname="Tests.Unit.Services.CommandServiceTest" assertions="2" time="0.008123"/>
        <testcase name="`CommandService` → `isLocalCliInstalled` → it returns false when CLI path is not configured" file="tests/Unit/Services/CommandServiceTest.php::`CommandService` → `isLocalCliInstalled` → it returns false when CLI path is not configured" class="Tests\Unit\Services\CommandServiceTest" classname="Tests.Unit.Services.CommandServiceTest" assertions="1" time="0.007172"/>
        <testcase name="`CommandService` → `executeRawCommand` → `local environment` → it returns error when CLI is not installed" file="tests/Unit/Services/CommandServiceTest.php::`CommandService` → `executeRawCommand` → `local environment` → it returns error when CLI is not installed" class="Tests\Unit\Services\CommandServiceTest" classname="Tests.Unit.Services.CommandServiceTest" assertions="2" time="0.007404"/>
        <testcase name="`CommandService` → `executeRemoteCommand` → it uses default path when cli_path is not configured" file="tests/Unit/Services/CommandServiceTest.php::`CommandService` → `executeRemoteCommand` → it uses default path when cli_path is not configured" class="Tests\Unit\Services\CommandServiceTest" classname="Tests.Unit.Services.CommandServiceTest" assertions="1" time="0.007389"/>
        <testcase name="`CommandService` → `executeLocalCommand` → it builds correct command with configured cli_path" file="tests/Unit/Services/CommandServiceTest.php::`CommandService` → `executeLocalCommand` → it builds correct command with configured cli_path" class="Tests\Unit\Services\CommandServiceTest" classname="Tests.Unit.Services.CommandServiceTest" assertions="1" time="0.007236"/>
        <testcase name="`CommandService` → `findBinary` → it trims whitespace from path" file="tests/Unit/Services/CommandServiceTest.php::`CommandService` → `findBinary` → it trims whitespace from path" class="Tests\Unit\Services\CommandServiceTest" classname="Tests.Unit.Services.CommandServiceTest" assertions="2" time="0.007670"/>
        <testcase name="`CommandService` → `executeRemoteCommand` → it returns error on SSH failure" file="tests/Unit/Services/CommandServiceTest.php::`CommandService` → `executeRemoteCommand` → it returns error on SSH failure" class="Tests\Unit\Services\CommandServiceTest" classname="Tests.Unit.Services.CommandServiceTest" assertions="4" time="0.007401"/>
        <testcase name="`CommandService` → `executeLocalCommand` → it returns stdout as error when stderr is empty" file="tests/Unit/Services/CommandServiceTest.php::`CommandService` → `executeLocalCommand` → it returns stdout as error when stderr is empty" class="Tests\Unit\Services\CommandServiceTest" classname="Tests.Unit.Services.CommandServiceTest" assertions="2" time="0.007404"/>
        <testcase name="`CommandService` → `executeLocalCommand` → it returns error when command fails" file="tests/Unit/Services/CommandServiceTest.php::`CommandService` → `executeLocalCommand` → it returns error when command fails" class="Tests\Unit\Services\CommandServiceTest" classname="Tests.Unit.Services.CommandServiceTest" assertions="3" time="0.007544"/>
        <testcase name="`CommandService` → `executeLocalCommand` → it returns error when CLI path does not exist" file="tests/Unit/Services/CommandServiceTest.php::`CommandService` → `executeLocalCommand` → it returns error when CLI path does not exist" class="Tests\Unit\Services\CommandServiceTest" classname="Tests.Unit.Services.CommandServiceTest" assertions="3" time="0.007139"/>
        <testcase name="`CommandService` → `findBinary` → it returns null when binary is not found" file="tests/Unit/Services/CommandServiceTest.php::`CommandService` → `findBinary` → it returns null when binary is not found" class="Tests\Unit\Services\CommandServiceTest" classname="Tests.Unit.Services.CommandServiceTest" assertions="2" time="0.007707"/>
        <testcase name="`CommandService` → `executeRemoteCommand` → it uses configured cli_path when available" file="tests/Unit/Services/CommandServiceTest.php::`CommandService` → `executeRemoteCommand` → it uses configured cli_path when available" class="Tests\Unit\Services\CommandServiceTest" classname="Tests.Unit.Services.CommandServiceTest" assertions="1" time="0.007612"/>
        <testcase name="`CommandService` → `executeLocalCommand` → it passes timeout to process" file="tests/Unit/Services/CommandServiceTest.php::`CommandService` → `executeLocalCommand` → it passes timeout to process" class="Tests\Unit\Services\CommandServiceTest" classname="Tests.Unit.Services.CommandServiceTest" assertions="1" time="0.007380"/>
      </testsuite>
      <testsuite name="Tests\ExampleTest" file="tests/ExampleTest.php" tests="1" assertions="1" errors="0" failures="0" skipped="0" time="0.129927">
        <testcase name="it can test" file="tests/ExampleTest.php::it can test" class="Tests\ExampleTest" classname="Tests.ExampleTest" assertions="1" time="0.129927"/>
      </testsuite>
      <testsuite name="Tests\Unit\Services\Deletion\DeletionPipelineTest" file="tests/Unit/Services/Deletion/DeletionPipelineTest.php" tests="14" assertions="32" errors="0" failures="0" skipped="0" time="0.158555">
        <testcase name="`DeleteProjectFiles` → it succeeds when no project path specified" file="tests/Unit/Services/Deletion/DeletionPipelineTest.php::`DeleteProjectFiles` → it succeeds when no project path specified" class="Tests\Unit\Services\Deletion\DeletionPipelineTest" classname="Tests.Unit.Services.Deletion.DeletionPipelineTest" assertions="2" time="0.014076"/>
        <testcase name="`DeletionLogger` → it implements ProvisionLoggerContract" file="tests/Unit/Services/Deletion/DeletionPipelineTest.php::`DeletionLogger` → it implements ProvisionLoggerContract" class="Tests\Unit\Services\Deletion\DeletionPipelineTest" classname="Tests.Unit.Services.Deletion.DeletionPipelineTest" assertions="3" time="0.007730"/>
        <testcase name="`DeletionContext` → it creates context from project model" file="tests/Unit/Services/Deletion/DeletionPipelineTest.php::`DeletionContext` → it creates context from project model" class="Tests\Unit\Services\Deletion\DeletionPipelineTest" classname="Tests.Unit.Services.Deletion.DeletionPipelineTest" assertions="6" time="0.008292"/>
        <testcase name="`DeletionPipeline` → it runs all steps in sequence" file="tests/Unit/Services/Deletion/DeletionPipelineTest.php::`DeletionPipeline` → it runs all steps in sequence" class="Tests\Unit\Services\Deletion\DeletionPipelineTest" classname="Tests.Unit.Services.Deletion.DeletionPipelineTest" assertions="2" time="0.017472"/>
        <testcase name="`DropPostgresDatabase` → it skips when not using postgres" file="tests/Unit/Services/Deletion/DeletionPipelineTest.php::`DropPostgresDatabase` → it skips when not using postgres" class="Tests\Unit\Services\Deletion\DeletionPipelineTest" classname="Tests.Unit.Services.Deletion.DeletionPipelineTest" assertions="2" time="0.020243"/>
        <testcase name="`DeletionContext` → it uses slug as database name when not in env" file="tests/Unit/Services/Deletion/DeletionPipelineTest.php::`DeletionContext` → it uses slug as database name when not in env" class="Tests\Unit\Services\Deletion\DeletionPipelineTest" classname="Tests.Unit.Services.Deletion.DeletionPipelineTest" assertions="1" time="0.008258"/>
        <testcase name="`DeleteProjectFiles` → it succeeds when directory does not exist" file="tests/Unit/Services/Deletion/DeletionPipelineTest.php::`DeleteProjectFiles` → it succeeds when directory does not exist" class="Tests\Unit\Services\Deletion\DeletionPipelineTest" classname="Tests.Unit.Services.Deletion.DeletionPipelineTest" assertions="2" time="0.008579"/>
        <testcase name="`DeletionPipeline` → it skips database deletion when keepDatabase is true" file="tests/Unit/Services/Deletion/DeletionPipelineTest.php::`DeletionPipeline` → it skips database deletion when keepDatabase is true" class="Tests\Unit\Services\Deletion\DeletionPipelineTest" classname="Tests.Unit.Services.Deletion.DeletionPipelineTest" assertions="1" time="0.017722"/>
        <testcase name="`DeletionContext` → it detects postgres connections correctly" file="tests/Unit/Services/Deletion/DeletionPipelineTest.php::`DeletionContext` → it detects postgres connections correctly" class="Tests\Unit\Services\Deletion\DeletionPipelineTest" classname="Tests.Unit.Services.Deletion.DeletionPipelineTest" assertions="4" time="0.008827"/>
        <testcase name="`DeletionContext` → it respects keepDatabase flag" file="tests/Unit/Services/Deletion/DeletionPipelineTest.php::`DeletionContext` → it respects keepDatabase flag" class="Tests\Unit\Services\Deletion\DeletionPipelineTest" classname="Tests.Unit.Services.Deletion.DeletionPipelineTest" assertions="1" time="0.008582"/>
        <testcase name="`DropPostgresDatabase` → it skips when no database name" file="tests/Unit/Services/Deletion/DeletionPipelineTest.php::`DropPostgresDatabase` → it skips when no database name" class="Tests\Unit\Services\Deletion\DeletionPipelineTest" classname="Tests.Unit.Services.Deletion.DeletionPipelineTest" assertions="2" time="0.008915"/>
        <testcase name="`DropPostgresDatabase` → it skips when no database connection configured" file="tests/Unit/Services/Deletion/DeletionPipelineTest.php::`DropPostgresDatabase` → it skips when no database connection configured" class="Tests\Unit\Services\Deletion\DeletionPipelineTest" classname="Tests.Unit.Services.Deletion.DeletionPipelineTest" assertions="2" time="0.008699"/>
        <testcase name="`DeletionContext` → it loads database config from env file" file="tests/Unit/Services/Deletion/DeletionPipelineTest.php::`DeletionContext` → it loads database config from env file" class="Tests\Unit\Services\Deletion\DeletionPipelineTest" classname="Tests.Unit.Services.Deletion.DeletionPipelineTest" assertions="2" time="0.008091"/>
        <testcase name="`DeleteProjectFiles` → it deletes project directory successfully" file="tests/Unit/Services/Deletion/DeletionPipelineTest.php::`DeleteProjectFiles` → it deletes project directory successfully" class="Tests\Unit\Services\Deletion\DeletionPipelineTest" classname="Tests.Unit.Services.Deletion.DeletionPipelineTest" assertions="2" time="0.013070"/>
      </testsuite>
    </testsuite>
  </testsuite>
</testsuites>
