<?xml version="1.0" encoding="UTF-8"?>
<testsuites>
  <testsuite name="/home/nckrtl/projects/orbit-dev/packages/app/phpunit.xml.dist" tests="1" assertions="2" errors="0" failures="0" skipped="0" time="0.134567">
    <testsuite name="HardImpact\Orbit\App Test Suite" tests="1" assertions="2" errors="0" failures="0" skipped="0" time="0.134567">
      <testsuite name="Tests\Feature\EnvironmentServiceControlTest" file="tests/Feature/EnvironmentServiceControlTest.php" tests="1" assertions="2" errors="0" failures="0" skipped="0" time="0.134567">
        <testcase name="`disableService` → it disables a service" file="tests/Feature/EnvironmentServiceControlTest.php::`disableService` → it disables a service" class="Tests\Feature\EnvironmentServiceControlTest" classname="Tests.Feature.EnvironmentServiceControlTest" assertions="2" time="0.134567"/>
      </testsuite>
    </testsuite>
  </testsuite>
</testsuites>
