<?xml version="1.0" encoding="UTF-8"?>
<testsuites>
  <testsuite name="/home/nckrtl/projects/orbit-dev/packages/app/phpunit.xml.dist" tests="2" assertions="4" errors="0" failures="0" skipped="0" time="0.272458">
    <testsuite name="HardImpact\Orbit\Ui Test Suite" tests="2" assertions="4" errors="0" failures="0" skipped="0" time="0.272458">
      <testsuite name="Tests\ArchTest" file="tests/ArchTest.php" tests="1" assertions="3" errors="0" failures="0" skipped="0" time="0.243892">
        <testcase name="it will not use debugging functions" file="tests/ArchTest.php::it will not use debugging functions" class="Tests\ArchTest" classname="Tests.ArchTest" assertions="3" time="0.243892"/>
      </testsuite>
      <testsuite name="Tests\ExampleTest" file="tests/ExampleTest.php" tests="1" assertions="1" errors="0" failures="0" skipped="0" time="0.028566">
        <testcase name="it can test" file="tests/ExampleTest.php::it can test" class="Tests\ExampleTest" classname="Tests.ExampleTest" assertions="1" time="0.028566"/>
      </testsuite>
    </testsuite>
  </testsuite>
</testsuites>
